#
# There is insufficient memory for the Java Runtime Environment to continue.
# Native memory allocation (malloc) failed to allocate 1395856 bytes for Chunk::new
# Possible reasons:
#   The system is out of physical RAM or swap space
#   The process is running with CompressedOops enabled, and the Java Heap may be blocking the growth of the native heap
# Possible solutions:
#   Reduce memory load on the system
#   Increase physical memory or swap space
#   Check if swap backing store is full
#   Decrease Java heap size (-Xmx/-Xms)
#   Decrease number of Java threads
#   Decrease Java thread stack sizes (-Xss)
#   Set larger code cache with -XX:ReservedCodeCacheSize=
#   JVM is running with Unscaled Compressed Oops mode in which the Java heap is
#     placed in the first 4GB address space. The Java Heap base address is the
#     maximum limit for the native heap growth. Please use -XX:HeapBaseMinAddress
#     to set the Java Heap base and to place the Java Heap above 4GB virtual address.
# This output file may be truncated or incomplete.
#
#  Out of Memory Error (./src/hotspot/share/memory/arena.cpp:197), pid=528, tid=15872
#
# JRE version: OpenJDK Runtime Environment (11.0.10) (build 11.0.10+0-b96-7249189)
# Java VM: OpenJDK 64-Bit Server VM (11.0.10+0-b96-7249189, mixed mode, tiered, compressed oops, g1 gc, windows-amd64)
# No core dump will be written. Minidumps are not enabled by default on client versions of Windows
#

---------------  S U M M A R Y ------------

Command Line: --add-opens=java.base/java.util=ALL-UNNAMED --add-opens=java.base/java.lang=ALL-UNNAMED --add-opens=java.base/java.lang.invoke=ALL-UNNAMED --add-opens=java.base/java.util=ALL-UNNAMED --add-opens=java.prefs/java.util.prefs=ALL-UNNAMED --add-opens=java.prefs/java.util.prefs=ALL-UNNAMED --add-opens=java.base/java.nio.charset=ALL-UNNAMED --add-opens=java.base/java.net=ALL-UNNAMED --add-opens=java.base/java.util.concurrent.atomic=ALL-UNNAMED -Xmx2048m -Dfile.encoding=UTF-8 -Duser.country=RU -Duser.language=ru -Duser.variant org.gradle.launcher.daemon.bootstrap.GradleDaemon 7.0.2

Host: Intel(R) Pentium(R) Gold G5420 CPU @ 3.80GHz, 4 cores, 7G,  Windows 10 , 64 bit Build 17763 (10.0.17763.475)
Time: Wed Dec 22 03:14:03 2021 RTZ 2 (ceia) elapsed time: 19.625735 seconds (0d 0h 0m 19s)

---------------  T H R E A D  ---------------

Current thread (0x00000209c0540800):  JavaThread "C2 CompilerThread0" daemon [_thread_in_native, id=15872, stack(0x0000006191000000,0x0000006191100000)]


Current CompileTask:
C2:  19625 5576       4       jdk.internal.org.objectweb.asm.Frame::execute (2264 bytes)

Stack: [0x0000006191000000,0x0000006191100000]
Native frames: (J=compiled Java code, j=interpreted, Vv=VM code, C=native code)
V  [jvm.dll+0x5ecfaa]
V  [jvm.dll+0x722bd5]
V  [jvm.dll+0x72412d]
V  [jvm.dll+0x7247e3]
V  [jvm.dll+0x242928]
V  [jvm.dll+0xbc4fc]
V  [jvm.dll+0xbca0c]
V  [jvm.dll+0x352d3b]
V  [jvm.dll+0x320ad3]
V  [jvm.dll+0x31ffca]
V  [jvm.dll+0x1fb602]
V  [jvm.dll+0x1fa7f4]
V  [jvm.dll+0x18354c]
V  [jvm.dll+0x208ee7]
V  [jvm.dll+0x207731]
V  [jvm.dll+0x6eb1cf]
V  [jvm.dll+0x6e3d45]
V  [jvm.dll+0x5ebe96]
C  [ucrtbase.dll+0x21ffa]
C  [KERNEL32.DLL+0x17974]
C  [ntdll.dll+0x6a271]


---------------  P R O C E S S  ---------------

Threads class SMR info:
_java_thread_list=0x00000209c5089870, length=41, elements={
0x00000209a6020000, 0x00000209bfbfb000, 0x00000209bfc06000, 0x00000209bfc1e000,
0x00000209bfc1f000, 0x00000209bfc20000, 0x00000209c0540800, 0x00000209c0545000,
0x00000209c0546000, 0x00000209c06dd800, 0x00000209c183e800, 0x00000209c0849800,
0x00000209c2617000, 0x00000209c1682000, 0x00000209c2069800, 0x00000209c16b0800,
0x00000209c1154800, 0x00000209c2936800, 0x00000209c1ab1000, 0x00000209c2952800,
0x00000209c2959000, 0x00000209c2958000, 0x00000209c2953800, 0x00000209c2956000,
0x00000209c2954000, 0x00000209c2955000, 0x00000209c2956800, 0x00000209c2957800,
0x00000209c4eff000, 0x00000209c4f02800, 0x00000209c4f00800, 0x00000209c4f03000,
0x00000209c4f04000, 0x00000209c4f06800, 0x00000209c4f07800, 0x00000209c4f01800,
0x00000209c4f09000, 0x00000209c4f0d000, 0x00000209c4f08000, 0x00000209c4f0a800,
0x00000209c4f09800
}

Java Threads: ( => current thread )
  0x00000209a6020000 JavaThread "main" [_thread_blocked, id=5348, stack(0x0000006190400000,0x0000006190500000)]
  0x00000209bfbfb000 JavaThread "Reference Handler" daemon [_thread_blocked, id=9552, stack(0x0000006190b00000,0x0000006190c00000)]
  0x00000209bfc06000 JavaThread "Finalizer" daemon [_thread_blocked, id=10124, stack(0x0000006190c00000,0x0000006190d00000)]
  0x00000209bfc1e000 JavaThread "Signal Dispatcher" daemon [_thread_blocked, id=4752, stack(0x0000006190d00000,0x0000006190e00000)]
  0x00000209bfc1f000 JavaThread "Attach Listener" daemon [_thread_blocked, id=18048, stack(0x0000006190e00000,0x0000006190f00000)]
  0x00000209bfc20000 JavaThread "Service Thread" daemon [_thread_blocked, id=6056, stack(0x0000006190f00000,0x0000006191000000)]
=>0x00000209c0540800 JavaThread "C2 CompilerThread0" daemon [_thread_in_native, id=15872, stack(0x0000006191000000,0x0000006191100000)]
  0x00000209c0545000 JavaThread "C1 CompilerThread0" daemon [_thread_blocked, id=1372, stack(0x0000006191100000,0x0000006191200000)]
  0x00000209c0546000 JavaThread "Sweeper thread" daemon [_thread_blocked, id=8392, stack(0x0000006191200000,0x0000006191300000)]
  0x00000209c06dd800 JavaThread "Common-Cleaner" daemon [_thread_blocked, id=18312, stack(0x0000006191300000,0x0000006191400000)]
  0x00000209c183e800 JavaThread "Daemon health stats" [_thread_blocked, id=16868, stack(0x0000006191800000,0x0000006191900000)]
  0x00000209c0849800 JavaThread "Incoming local TCP Connector on port 57480" [_thread_in_native, id=17636, stack(0x0000006191500000,0x0000006191600000)]
  0x00000209c2617000 JavaThread "Daemon" [_thread_blocked, id=17036, stack(0x0000006191900000,0x0000006191a00000)]
  0x00000209c1682000 JavaThread "Daemon periodic checks" [_thread_blocked, id=9284, stack(0x0000006191a00000,0x0000006191b00000)]
  0x00000209c2069800 JavaThread "Handler for socket connection from /127.0.0.1:57480 to /127.0.0.1:57481" [_thread_in_native, id=13772, stack(0x0000006191b00000,0x0000006191c00000)]
  0x00000209c16b0800 JavaThread "Cancel handler" [_thread_blocked, id=18156, stack(0x0000006191c00000,0x0000006191d00000)]
  0x00000209c1154800 JavaThread "Daemon worker" [_thread_in_native, id=15868, stack(0x0000006191d00000,0x0000006191e00000)]
  0x00000209c2936800 JavaThread "Asynchronous log dispatcher for DefaultDaemonConnection: socket connection from /127.0.0.1:57480 to /127.0.0.1:57481" [_thread_blocked, id=16256, stack(0x0000006191e00000,0x0000006191f00000)]
  0x00000209c1ab1000 JavaThread "Stdin handler" [_thread_blocked, id=17476, stack(0x0000006191f00000,0x0000006192000000)]
  0x00000209c2952800 JavaThread "Daemon client event forwarder" [_thread_blocked, id=17536, stack(0x0000006192000000,0x0000006192100000)]
  0x00000209c2959000 JavaThread "Cache worker for file hash cache (C:\Users\ArrA\.gradle\caches\7.0.2\fileHashes)" [_thread_blocked, id=968, stack(0x0000006192200000,0x0000006192300000)]
  0x00000209c2958000 JavaThread "File lock request listener" [_thread_in_native, id=3772, stack(0x0000006192300000,0x0000006192400000)]
  0x00000209c2953800 JavaThread "Cache worker for journal cache (C:\Users\ArrA\.gradle\caches\journal-1)" [_thread_blocked, id=17768, stack(0x0000006192400000,0x0000006192500000)]
  0x00000209c2956000 JavaThread "Cache worker for file hash cache (C:\Users\ArrA\AndroidStudioProjects\MyApplication\.gradle\7.0.2\fileHashes)" [_thread_blocked, id=18192, stack(0x0000006192500000,0x0000006192600000)]
  0x00000209c2954000 JavaThread "File watcher server" daemon [_thread_in_native, id=16680, stack(0x0000006192600000,0x0000006192700000)]
  0x00000209c2955000 JavaThread "File watcher consumer" daemon [_thread_blocked, id=17280, stack(0x0000006192700000,0x0000006192800000)]
  0x00000209c2956800 JavaThread "Cache worker for checksums cache (C:\Users\ArrA\AndroidStudioProjects\MyApplication\.gradle\checksums)" [_thread_blocked, id=15616, stack(0x0000006192800000,0x0000006192900000)]
  0x00000209c2957800 JavaThread "Cache worker for cache directory md-supplier (C:\Users\ArrA\.gradle\caches\7.0.2\md-supplier)" [_thread_blocked, id=16640, stack(0x0000006192900000,0x0000006192a00000)]
  0x00000209c4eff000 JavaThread "Cache worker for cache directory md-rule (C:\Users\ArrA\.gradle\caches\7.0.2\md-rule)" [_thread_blocked, id=1308, stack(0x0000006192a00000,0x0000006192b00000)]
  0x00000209c4f02800 JavaThread "Cache worker for execution history cache (C:\Users\ArrA\.gradle\caches\7.0.2\executionHistory)" [_thread_blocked, id=17068, stack(0x0000006192b00000,0x0000006192c00000)]
  0x00000209c4f00800 JavaThread "jar transforms" [_thread_blocked, id=6076, stack(0x0000006192c00000,0x0000006192d00000)]
  0x00000209c4f03000 JavaThread "jar transforms Thread 2" [_thread_blocked, id=16220, stack(0x0000006192d00000,0x0000006192e00000)]
  0x00000209c4f04000 JavaThread "Cache worker for file content cache (C:\Users\ArrA\.gradle\caches\7.0.2\fileContent)" [_thread_blocked, id=16484, stack(0x0000006192e00000,0x0000006192f00000)]
  0x00000209c4f06800 JavaThread "Cache worker for dependencies-accessors (C:\Users\ArrA\AndroidStudioProjects\MyApplication\.gradle\7.0.2\dependencies-accessors)" [_thread_blocked, id=16672, stack(0x0000006192f00000,0x0000006193000000)]
  0x00000209c4f07800 JavaThread "jar transforms Thread 3" [_thread_blocked, id=15808, stack(0x0000006193000000,0x0000006193100000)]
  0x00000209c4f01800 JavaThread "Cache worker for Build Output Cleanup Cache (C:\Users\ArrA\AndroidStudioProjects\MyApplication\.gradle\buildOutputCleanup)" [_thread_blocked, id=17428, stack(0x0000006193100000,0x0000006193200000)]
  0x00000209c4f09000 JavaThread "Build operations" [_thread_blocked, id=16452, stack(0x0000006193200000,0x0000006193300000)]
  0x00000209c4f0d000 JavaThread "Build operations Thread 2" [_thread_blocked, id=18056, stack(0x0000006193300000,0x0000006193400000)]
  0x00000209c4f08000 JavaThread "Build operations Thread 3" [_thread_blocked, id=14292, stack(0x0000006193400000,0x0000006193500000)]
  0x00000209c4f0a800 JavaThread "Build operations Thread 4" [_thread_blocked, id=16776, stack(0x0000006193500000,0x0000006193600000)]
  0x00000209c4f09800 JavaThread "jar transforms Thread 4" [_thread_blocked, id=17592, stack(0x0000006193600000,0x0000006193700000)]

Other Threads:
  0x00000209bfbf7000 VMThread "VM Thread" [stack: 0x0000006190a00000,0x0000006190b00000] [id=5536]
  0x00000209c06f3800 WatcherThread [stack: 0x0000006191400000,0x0000006191500000] [id=16996]
  0x00000209a6038000 GCTaskThread "GC Thread#0" [stack: 0x0000006190500000,0x0000006190600000] [id=17996]
  0x00000209c0aaa000 GCTaskThread "GC Thread#1" [stack: 0x0000006191600000,0x0000006191700000] [id=16724]
  0x00000209c1219000 GCTaskThread "GC Thread#2" [stack: 0x0000006191700000,0x0000006191800000] [id=10656]
  0x00000209c1b49000 GCTaskThread "GC Thread#3" [stack: 0x0000006192100000,0x0000006192200000] [id=7160]
  0x00000209a6069000 ConcurrentGCThread "G1 Main Marker" [stack: 0x0000006190600000,0x0000006190700000] [id=16192]
  0x00000209a606a000 ConcurrentGCThread "G1 Conc#0" [stack: 0x0000006190700000,0x0000006190800000] [id=17968]
  0x00000209a60ee000 ConcurrentGCThread "G1 Refine#0" [stack: 0x0000006190800000,0x0000006190900000] [id=17908]
  0x00000209bfa40800 ConcurrentGCThread "G1 Young RemSet Sampling" [stack: 0x0000006190900000,0x0000006190a00000] [id=5736]

Threads with active compile tasks:
C2 CompilerThread0  19671 5576       4       jdk.internal.org.objectweb.asm.Frame::execute (2264 bytes)

VM state:not at safepoint (normal execution)

VM Mutex/Monitor currently owned by a thread: None

Heap address: 0x0000000080000000, size: 2048 MB, Compressed Oops mode: 32-bit
Narrow klass base: 0x0000000000000000, Narrow klass shift: 3
Compressed class space size: 1073741824 Address: 0x0000000100000000

Heap:
 garbage-first heap   total 131072K, used 62434K [0x0000000080000000, 0x0000000100000000)
  region size 1024K, 24 young (24576K), 8 survivors (8192K)
 Metaspace       used 52395K, capacity 53823K, committed 54016K, reserved 1095680K
  class space    used 6649K, capacity 7162K, committed 7168K, reserved 1048576K
Heap Regions: E=young(eden), S=young(survivor), O=old, HS=humongous(starts), HC=humongous(continues), CS=collection set, F=free, A=archive, TAMS=top-at-mark-start (previous, next)
|   0|0x0000000080000000, 0x0000000080100000, 0x0000000080100000|100%| O|  |TAMS 0x0000000080100000, 0x0000000080000000| Untracked 
|   1|0x0000000080100000, 0x0000000080200000, 0x0000000080200000|100%| O|  |TAMS 0x0000000080200000, 0x0000000080100000| Untracked 
|   2|0x0000000080200000, 0x0000000080300000, 0x0000000080300000|100%| O|  |TAMS 0x0000000080300000, 0x0000000080200000| Untracked 
|   3|0x0000000080300000, 0x0000000080400000, 0x0000000080400000|100%|HS|  |TAMS 0x0000000080400000, 0x0000000080300000| Complete 
|   4|0x0000000080400000, 0x0000000080500000, 0x0000000080500000|100%|HC|  |TAMS 0x0000000080500000, 0x0000000080400000| Complete 
|   5|0x0000000080500000, 0x0000000080600000, 0x0000000080600000|100%|HC|  |TAMS 0x0000000080600000, 0x0000000080500000| Complete 
|   6|0x0000000080600000, 0x0000000080700000, 0x0000000080700000|100%| O|  |TAMS 0x0000000080700000, 0x0000000080600000| Untracked 
|   7|0x0000000080700000, 0x0000000080800000, 0x0000000080800000|100%| O|  |TAMS 0x0000000080800000, 0x0000000080700000| Untracked 
|   8|0x0000000080800000, 0x0000000080900000, 0x0000000080900000|100%| O|  |TAMS 0x0000000080900000, 0x0000000080800000| Untracked 
|   9|0x0000000080900000, 0x0000000080a00000, 0x0000000080a00000|100%| O|  |TAMS 0x0000000080a00000, 0x0000000080900000| Untracked 
|  10|0x0000000080a00000, 0x0000000080b00000, 0x0000000080b00000|100%| O|  |TAMS 0x0000000080b00000, 0x0000000080a00000| Untracked 
|  11|0x0000000080b00000, 0x0000000080c00000, 0x0000000080c00000|100%| O|  |TAMS 0x0000000080c00000, 0x0000000080b00000| Untracked 
|  12|0x0000000080c00000, 0x0000000080d00000, 0x0000000080d00000|100%| O|  |TAMS 0x0000000080d00000, 0x0000000080c00000| Untracked 
|  13|0x0000000080d00000, 0x0000000080e00000, 0x0000000080e00000|100%| O|  |TAMS 0x0000000080e00000, 0x0000000080d00000| Untracked 
|  14|0x0000000080e00000, 0x0000000080f00000, 0x0000000080f00000|100%| O|  |TAMS 0x0000000080f00000, 0x0000000080e00000| Untracked 
|  15|0x0000000080f00000, 0x0000000081000000, 0x0000000081000000|100%| O|  |TAMS 0x0000000080fabe00, 0x0000000080f00000| Untracked 
|  16|0x0000000081000000, 0x0000000081100000, 0x0000000081100000|100%|HS|  |TAMS 0x0000000081000000, 0x0000000081000000| Complete 
|  17|0x0000000081100000, 0x0000000081200000, 0x0000000081200000|100%| O|  |TAMS 0x0000000081100000, 0x0000000081100000| Untracked 
|  18|0x0000000081200000, 0x0000000081300000, 0x0000000081300000|100%| O|  |TAMS 0x0000000081200000, 0x0000000081200000| Untracked 
|  19|0x0000000081300000, 0x0000000081400000, 0x0000000081400000|100%| O|  |TAMS 0x0000000081300000, 0x0000000081300000| Untracked 
|  20|0x0000000081400000, 0x0000000081500000, 0x0000000081500000|100%| O|  |TAMS 0x0000000081400000, 0x0000000081400000| Untracked 
|  21|0x0000000081500000, 0x0000000081600000, 0x0000000081600000|100%| O|  |TAMS 0x0000000081500000, 0x0000000081500000| Untracked 
|  22|0x0000000081600000, 0x0000000081700000, 0x0000000081700000|100%| O|  |TAMS 0x0000000081600000, 0x0000000081600000| Untracked 
|  23|0x0000000081700000, 0x0000000081800000, 0x0000000081800000|100%| O|  |TAMS 0x0000000081700000, 0x0000000081700000| Untracked 
|  24|0x0000000081800000, 0x0000000081900000, 0x0000000081900000|100%| O|  |TAMS 0x0000000081800000, 0x0000000081800000| Untracked 
|  25|0x0000000081900000, 0x0000000081a00000, 0x0000000081a00000|100%| O|  |TAMS 0x0000000081900000, 0x0000000081900000| Untracked 
|  26|0x0000000081a00000, 0x0000000081b00000, 0x0000000081b00000|100%|HS|  |TAMS 0x0000000081a00000, 0x0000000081a00000| Complete 
|  27|0x0000000081b00000, 0x0000000081c00000, 0x0000000081c00000|100%|HS|  |TAMS 0x0000000081b00000, 0x0000000081b00000| Complete 
|  28|0x0000000081c00000, 0x0000000081d00000, 0x0000000081d00000|100%|HS|  |TAMS 0x0000000081c00000, 0x0000000081c00000| Complete 
|  29|0x0000000081d00000, 0x0000000081e00000, 0x0000000081e00000|100%|HC|  |TAMS 0x0000000081d00000, 0x0000000081d00000| Complete 
|  30|0x0000000081e00000, 0x0000000081f00000, 0x0000000081f00000|100%|HC|  |TAMS 0x0000000081e00000, 0x0000000081e00000| Complete 
|  31|0x0000000081f00000, 0x0000000082000000, 0x0000000082000000|100%|HS|  |TAMS 0x0000000081f00000, 0x0000000081f00000| Complete 
|  32|0x0000000082000000, 0x0000000082100000, 0x0000000082100000|100%|HC|  |TAMS 0x0000000082000000, 0x0000000082000000| Complete 
|  33|0x0000000082100000, 0x0000000082200000, 0x0000000082200000|100%| O|  |TAMS 0x0000000082100000, 0x0000000082100000| Untracked 
|  34|0x0000000082200000, 0x0000000082300000, 0x0000000082300000|100%| O|  |TAMS 0x0000000082200000, 0x0000000082200000| Untracked 
|  35|0x0000000082300000, 0x0000000082400000, 0x0000000082400000|100%| O|  |TAMS 0x0000000082300000, 0x0000000082300000| Untracked 
|  36|0x0000000082400000, 0x0000000082500000, 0x0000000082500000|100%| O|  |TAMS 0x0000000082400000, 0x0000000082400000| Untracked 
|  37|0x0000000082500000, 0x00000000825f8a00, 0x0000000082600000| 97%| O|  |TAMS 0x0000000082500000, 0x0000000082500000| Untracked 
|  38|0x0000000082600000, 0x0000000082600000, 0x0000000082700000|  0%| F|  |TAMS 0x0000000082600000, 0x0000000082600000| Untracked 
|  39|0x0000000082700000, 0x0000000082700000, 0x0000000082800000|  0%| F|  |TAMS 0x0000000082700000, 0x0000000082700000| Untracked 
|  40|0x0000000082800000, 0x0000000082800000, 0x0000000082900000|  0%| F|  |TAMS 0x0000000082800000, 0x0000000082800000| Untracked 
|  41|0x0000000082900000, 0x0000000082900000, 0x0000000082a00000|  0%| F|  |TAMS 0x0000000082900000, 0x0000000082900000| Untracked 
|  42|0x0000000082a00000, 0x0000000082a00000, 0x0000000082b00000|  0%| F|  |TAMS 0x0000000082a00000, 0x0000000082a00000| Untracked 
|  43|0x0000000082b00000, 0x0000000082b00000, 0x0000000082c00000|  0%| F|  |TAMS 0x0000000082b00000, 0x0000000082b00000| Untracked 
|  44|0x0000000082c00000, 0x0000000082c00000, 0x0000000082d00000|  0%| F|  |TAMS 0x0000000082c00000, 0x0000000082c00000| Untracked 
|  45|0x0000000082d00000, 0x0000000082d00000, 0x0000000082e00000|  0%| F|  |TAMS 0x0000000082d00000, 0x0000000082d00000| Untracked 
|  46|0x0000000082e00000, 0x0000000082e00000, 0x0000000082f00000|  0%| F|  |TAMS 0x0000000082e00000, 0x0000000082e00000| Untracked 
|  47|0x0000000082f00000, 0x0000000082f00000, 0x0000000083000000|  0%| F|  |TAMS 0x0000000082f00000, 0x0000000082f00000| Untracked 
|  48|0x0000000083000000, 0x0000000083000000, 0x0000000083100000|  0%| F|  |TAMS 0x0000000083000000, 0x0000000083000000| Untracked 
|  49|0x0000000083100000, 0x0000000083100000, 0x0000000083200000|  0%| F|  |TAMS 0x0000000083100000, 0x0000000083100000| Untracked 
|  50|0x0000000083200000, 0x0000000083200000, 0x0000000083300000|  0%| F|  |TAMS 0x0000000083200000, 0x0000000083200000| Untracked 
|  51|0x0000000083300000, 0x0000000083300000, 0x0000000083400000|  0%| F|  |TAMS 0x0000000083300000, 0x0000000083300000| Untracked 
|  52|0x0000000083400000, 0x0000000083400000, 0x0000000083500000|  0%| F|  |TAMS 0x0000000083400000, 0x0000000083400000| Untracked 
|  53|0x0000000083500000, 0x0000000083500000, 0x0000000083600000|  0%| F|  |TAMS 0x0000000083500000, 0x0000000083500000| Untracked 
|  54|0x0000000083600000, 0x0000000083600000, 0x0000000083700000|  0%| F|  |TAMS 0x0000000083600000, 0x0000000083600000| Untracked 
|  55|0x0000000083700000, 0x0000000083700000, 0x0000000083800000|  0%| F|  |TAMS 0x0000000083700000, 0x0000000083700000| Untracked 
|  56|0x0000000083800000, 0x0000000083800000, 0x0000000083900000|  0%| F|  |TAMS 0x0000000083800000, 0x0000000083800000| Untracked 
|  57|0x0000000083900000, 0x0000000083900000, 0x0000000083a00000|  0%| F|  |TAMS 0x0000000083900000, 0x0000000083900000| Untracked 
|  58|0x0000000083a00000, 0x0000000083a00000, 0x0000000083b00000|  0%| F|  |TAMS 0x0000000083a00000, 0x0000000083a00000| Untracked 
|  59|0x0000000083b00000, 0x0000000083b00000, 0x0000000083c00000|  0%| F|  |TAMS 0x0000000083b00000, 0x0000000083b00000| Untracked 
|  60|0x0000000083c00000, 0x0000000083c00000, 0x0000000083d00000|  0%| F|  |TAMS 0x0000000083c00000, 0x0000000083c00000| Untracked 
|  61|0x0000000083d00000, 0x0000000083d00000, 0x0000000083e00000|  0%| F|  |TAMS 0x0000000083d00000, 0x0000000083d00000| Untracked 
|  62|0x0000000083e00000, 0x0000000083f00000, 0x0000000083f00000|100%| S|CS|TAMS 0x0000000083e00000, 0x0000000083e00000| Complete 
|  63|0x0000000083f00000, 0x0000000084000000, 0x0000000084000000|100%| S|CS|TAMS 0x0000000083f00000, 0x0000000083f00000| Complete 
|  64|0x0000000084000000, 0x0000000084100000, 0x0000000084100000|100%| S|CS|TAMS 0x0000000084000000, 0x0000000084000000| Complete 
|  65|0x0000000084100000, 0x0000000084200000, 0x0000000084200000|100%| S|CS|TAMS 0x0000000084100000, 0x0000000084100000| Complete 
|  66|0x0000000084200000, 0x0000000084300000, 0x0000000084300000|100%| S|CS|TAMS 0x0000000084200000, 0x0000000084200000| Complete 
|  67|0x0000000084300000, 0x0000000084400000, 0x0000000084400000|100%| S|CS|TAMS 0x0000000084300000, 0x0000000084300000| Complete 
|  68|0x0000000084400000, 0x0000000084500000, 0x0000000084500000|100%| S|CS|TAMS 0x0000000084400000, 0x0000000084400000| Complete 
|  69|0x0000000084500000, 0x0000000084500000, 0x0000000084600000|  0%| F|  |TAMS 0x0000000084500000, 0x0000000084500000| Untracked 
|  70|0x0000000084600000, 0x0000000084600000, 0x0000000084700000|  0%| F|  |TAMS 0x0000000084600000, 0x0000000084600000| Untracked 
|  71|0x0000000084700000, 0x0000000084700000, 0x0000000084800000|  0%| F|  |TAMS 0x0000000084700000, 0x0000000084700000| Untracked 
|  72|0x0000000084800000, 0x0000000084800000, 0x0000000084900000|  0%| F|  |TAMS 0x0000000084800000, 0x0000000084800000| Untracked 
|  73|0x0000000084900000, 0x0000000084900000, 0x0000000084a00000|  0%| F|  |TAMS 0x0000000084900000, 0x0000000084900000| Untracked 
|  74|0x0000000084a00000, 0x0000000084b00000, 0x0000000084b00000|100%| S|CS|TAMS 0x0000000084a00000, 0x0000000084a00000| Complete 
|  75|0x0000000084b00000, 0x0000000084b00000, 0x0000000084c00000|  0%| F|  |TAMS 0x0000000084b00000, 0x0000000084b00000| Untracked 
|  76|0x0000000084c00000, 0x0000000084c00000, 0x0000000084d00000|  0%| F|  |TAMS 0x0000000084c00000, 0x0000000084c00000| Untracked 
|  77|0x0000000084d00000, 0x0000000084d00000, 0x0000000084e00000|  0%| F|  |TAMS 0x0000000084d00000, 0x0000000084d00000| Untracked 
|  78|0x0000000084e00000, 0x0000000084e00000, 0x0000000084f00000|  0%| F|  |TAMS 0x0000000084e00000, 0x0000000084e00000| Untracked 
|  79|0x0000000084f00000, 0x0000000084f00000, 0x0000000085000000|  0%| F|  |TAMS 0x0000000084f00000, 0x0000000084f00000| Untracked 
|  80|0x0000000085000000, 0x0000000085000000, 0x0000000085100000|  0%| F|  |TAMS 0x0000000085000000, 0x0000000085000000| Untracked 
|  81|0x0000000085100000, 0x0000000085100000, 0x0000000085200000|  0%| F|  |TAMS 0x0000000085100000, 0x0000000085100000| Untracked 
|  82|0x0000000085200000, 0x0000000085200000, 0x0000000085300000|  0%| F|  |TAMS 0x0000000085200000, 0x0000000085200000| Untracked 
|  83|0x0000000085300000, 0x0000000085300000, 0x0000000085400000|  0%| F|  |TAMS 0x0000000085300000, 0x0000000085300000| Untracked 
|  84|0x0000000085400000, 0x0000000085400000, 0x0000000085500000|  0%| F|  |TAMS 0x0000000085400000, 0x0000000085400000| Untracked 
|  85|0x0000000085500000, 0x0000000085500000, 0x0000000085600000|  0%| F|  |TAMS 0x0000000085500000, 0x0000000085500000| Untracked 
|  86|0x0000000085600000, 0x0000000085600000, 0x0000000085700000|  0%| F|  |TAMS 0x0000000085600000, 0x0000000085600000| Untracked 
|  87|0x0000000085700000, 0x0000000085700000, 0x0000000085800000|  0%| F|  |TAMS 0x0000000085700000, 0x0000000085700000| Untracked 
|  88|0x0000000085800000, 0x0000000085800000, 0x0000000085900000|  0%| F|  |TAMS 0x0000000085800000, 0x0000000085800000| Untracked 
|  89|0x0000000085900000, 0x0000000085900000, 0x0000000085a00000|  0%| F|  |TAMS 0x0000000085900000, 0x0000000085900000| Untracked 
|  90|0x0000000085a00000, 0x0000000085a00000, 0x0000000085b00000|  0%| F|  |TAMS 0x0000000085a00000, 0x0000000085a00000| Untracked 
|  91|0x0000000085b00000, 0x0000000085b00000, 0x0000000085c00000|  0%| F|  |TAMS 0x0000000085b00000, 0x0000000085b00000| Untracked 
|  92|0x0000000085c00000, 0x0000000085c00000, 0x0000000085d00000|  0%| F|  |TAMS 0x0000000085c00000, 0x0000000085c00000| Untracked 
|  93|0x0000000085d00000, 0x0000000085d00000, 0x0000000085e00000|  0%| F|  |TAMS 0x0000000085d00000, 0x0000000085d00000| Untracked 
|  94|0x0000000085e00000, 0x0000000085e00000, 0x0000000085f00000|  0%| F|  |TAMS 0x0000000085e00000, 0x0000000085e00000| Untracked 
|  95|0x0000000085f00000, 0x0000000085f00000, 0x0000000086000000|  0%| F|  |TAMS 0x0000000085f00000, 0x0000000085f00000| Untracked 
|  96|0x0000000086000000, 0x0000000086000000, 0x0000000086100000|  0%| F|  |TAMS 0x0000000086000000, 0x0000000086000000| Untracked 
|  97|0x0000000086100000, 0x0000000086100000, 0x0000000086200000|  0%| F|  |TAMS 0x0000000086100000, 0x0000000086100000| Untracked 
|  98|0x0000000086200000, 0x0000000086200000, 0x0000000086300000|  0%| F|  |TAMS 0x0000000086200000, 0x0000000086200000| Untracked 
|  99|0x0000000086300000, 0x0000000086300000, 0x0000000086400000|  0%| F|  |TAMS 0x0000000086300000, 0x0000000086300000| Untracked 
| 100|0x0000000086400000, 0x0000000086400000, 0x0000000086500000|  0%| F|  |TAMS 0x0000000086400000, 0x0000000086400000| Untracked 
| 101|0x0000000086500000, 0x0000000086500000, 0x0000000086600000|  0%| F|  |TAMS 0x0000000086500000, 0x0000000086500000| Untracked 
| 102|0x0000000086600000, 0x0000000086600000, 0x0000000086700000|  0%| F|  |TAMS 0x0000000086600000, 0x0000000086600000| Untracked 
| 103|0x0000000086700000, 0x0000000086700000, 0x0000000086800000|  0%| F|  |TAMS 0x0000000086700000, 0x0000000086700000| Untracked 
| 104|0x0000000086800000, 0x0000000086800000, 0x0000000086900000|  0%| F|  |TAMS 0x0000000086800000, 0x0000000086800000| Untracked 
| 105|0x0000000086900000, 0x0000000086900000, 0x0000000086a00000|  0%| F|  |TAMS 0x0000000086900000, 0x0000000086900000| Untracked 
| 106|0x0000000086a00000, 0x0000000086a00000, 0x0000000086b00000|  0%| F|  |TAMS 0x0000000086a00000, 0x0000000086a00000| Untracked 
| 107|0x0000000086b00000, 0x0000000086b00000, 0x0000000086c00000|  0%| F|  |TAMS 0x0000000086b00000, 0x0000000086b00000| Untracked 
| 108|0x0000000086c00000, 0x0000000086c00000, 0x0000000086d00000|  0%| F|  |TAMS 0x0000000086c00000, 0x0000000086c00000| Untracked 
| 109|0x0000000086d00000, 0x0000000086d00000, 0x0000000086e00000|  0%| F|  |TAMS 0x0000000086d00000, 0x0000000086d00000| Untracked 
| 110|0x0000000086e00000, 0x0000000086e00000, 0x0000000086f00000|  0%| F|  |TAMS 0x0000000086e00000, 0x0000000086e00000| Untracked 
| 111|0x0000000086f00000, 0x0000000086f80800, 0x0000000087000000| 50%| E|  |TAMS 0x0000000086f00000, 0x0000000086f00000| Complete 
| 112|0x0000000087000000, 0x0000000087100000, 0x0000000087100000|100%| E|CS|TAMS 0x0000000087000000, 0x0000000087000000| Complete 
| 113|0x0000000087100000, 0x0000000087200000, 0x0000000087200000|100%| E|CS|TAMS 0x0000000087100000, 0x0000000087100000| Complete 
| 114|0x0000000087200000, 0x0000000087300000, 0x0000000087300000|100%| E|CS|TAMS 0x0000000087200000, 0x0000000087200000| Complete 
| 115|0x0000000087300000, 0x0000000087400000, 0x0000000087400000|100%| E|CS|TAMS 0x0000000087300000, 0x0000000087300000| Complete 
| 116|0x0000000087400000, 0x0000000087500000, 0x0000000087500000|100%| E|CS|TAMS 0x0000000087400000, 0x0000000087400000| Complete 
| 117|0x0000000087500000, 0x0000000087600000, 0x0000000087600000|100%| E|CS|TAMS 0x0000000087500000, 0x0000000087500000| Complete 
| 118|0x0000000087600000, 0x0000000087700000, 0x0000000087700000|100%| E|CS|TAMS 0x0000000087600000, 0x0000000087600000| Complete 
| 119|0x0000000087700000, 0x0000000087800000, 0x0000000087800000|100%| E|CS|TAMS 0x0000000087700000, 0x0000000087700000| Complete 
| 120|0x0000000087800000, 0x0000000087900000, 0x0000000087900000|100%| E|CS|TAMS 0x0000000087800000, 0x0000000087800000| Complete 
| 121|0x0000000087900000, 0x0000000087a00000, 0x0000000087a00000|100%| E|CS|TAMS 0x0000000087900000, 0x0000000087900000| Complete 
| 122|0x0000000087a00000, 0x0000000087b00000, 0x0000000087b00000|100%| E|CS|TAMS 0x0000000087a00000, 0x0000000087a00000| Complete 
| 123|0x0000000087b00000, 0x0000000087c00000, 0x0000000087c00000|100%| E|CS|TAMS 0x0000000087b00000, 0x0000000087b00000| Complete 
| 124|0x0000000087c00000, 0x0000000087d00000, 0x0000000087d00000|100%| E|CS|TAMS 0x0000000087c00000, 0x0000000087c00000| Complete 
| 125|0x0000000087d00000, 0x0000000087e00000, 0x0000000087e00000|100%| E|CS|TAMS 0x0000000087d00000, 0x0000000087d00000| Complete 
| 126|0x0000000087e00000, 0x0000000087f00000, 0x0000000087f00000|100%| E|CS|TAMS 0x0000000087e00000, 0x0000000087e00000| Complete 
| 127|0x0000000087f00000, 0x0000000088000000, 0x0000000088000000|100%| E|CS|TAMS 0x0000000087f00000, 0x0000000087f00000| Complete 

Card table byte_map: [0x00000209b8f00000,0x00000209b9300000] _byte_map_base: 0x00000209b8b00000

Marking Bits (Prev, Next): (CMBitMap*) 0x00000209a6060018, (CMBitMap*) 0x00000209a6060050
 Prev Bits: [0x00000209b9700000, 0x00000209bb700000)
 Next Bits: [0x00000209bb700000, 0x00000209bd700000)

Polling page: 0x00000209a3f00000

Metaspace:

Usage:
  Non-class:     45.57 MB capacity,    44.70 MB ( 98%) used,   755.27 KB (  2%) free+waste,   135.88 KB ( <1%) overhead. 
      Class:      6.99 MB capacity,     6.50 MB ( 93%) used,   442.15 KB (  6%) free+waste,    64.56 KB ( <1%) overhead. 
       Both:     52.56 MB capacity,    51.20 MB ( 97%) used,     1.17 MB (  2%) free+waste,   200.44 KB ( <1%) overhead. 

Virtual space:
  Non-class space:       46.00 MB reserved,      45.75 MB (>99%) committed 
      Class space:        1.00 GB reserved,       7.00 MB ( <1%) committed 
             Both:        1.04 GB reserved,      52.75 MB (  5%) committed 

Chunk freelists:
   Non-Class:  59.00 KB
       Class:  6.00 KB
        Both:  65.00 KB

MaxMetaspaceSize: 17179869184.00 GB
CompressedClassSpaceSize: 1.00 GB

CodeHeap 'non-profiled nmethods': size=120064Kb used=2814Kb max_used=2814Kb free=117249Kb
 bounds [0x00000209b15c0000, 0x00000209b1880000, 0x00000209b8b00000]
CodeHeap 'profiled nmethods': size=120000Kb used=11474Kb max_used=11474Kb free=108525Kb
 bounds [0x00000209aa090000, 0x00000209aabd0000, 0x00000209b15c0000]
CodeHeap 'non-nmethods': size=5696Kb used=2216Kb max_used=2246Kb free=3479Kb
 bounds [0x00000209a9b00000, 0x00000209a9d70000, 0x00000209aa090000]
 total_blobs=6391 nmethods=5587 adapters=716
 compilation: enabled
              stopped_count=0, restarted_count=0
 full_count=0

Compilation events (20 events):
Event: 19.538 Thread 0x00000209c0545000 5583       3       java.lang.invoke.ClassSpecializer$Factory$1Var::<init> (146 bytes)
Event: 19.540 Thread 0x00000209c0545000 nmethod 5583 0x00000209aabbc990 code [0x00000209aabbcda0, 0x00000209aabbe698]
Event: 19.540 Thread 0x00000209c0545000 5584       3       java.lang.invoke.ClassSpecializer$Factory$1Var::nextSlotIndex (24 bytes)
Event: 19.541 Thread 0x00000209c0545000 nmethod 5584 0x00000209aabbf090 code [0x00000209aabbf260, 0x00000209aabbf4f8]
Event: 19.541 Thread 0x00000209c0545000 5585       3       java.lang.invoke.ClassSpecializer::classBCName (33 bytes)
Event: 19.541 Thread 0x00000209c0545000 nmethod 5585 0x00000209aabbf610 code [0x00000209aabbf7c0, 0x00000209aabbf8e8]
Event: 19.541 Thread 0x00000209c0545000 5586       3       java.lang.invoke.MethodType::changeReturnType (20 bytes)
Event: 19.541 Thread 0x00000209c0545000 nmethod 5586 0x00000209aabbf990 code [0x00000209aabbfb40, 0x00000209aabbfce8]
Event: 19.541 Thread 0x00000209c0545000 5590       3       java.lang.invoke.DirectMethodHandle::preparedFieldLambdaForm (183 bytes)
Event: 19.542 Thread 0x00000209c0545000 nmethod 5590 0x00000209aabbfd90 code [0x00000209aabc0000, 0x00000209aabc0758]
Event: 19.542 Thread 0x00000209c0545000 5592       3       java.lang.invoke.ClassSpecializer$Factory$1Var::emitVarInstruction (73 bytes)
Event: 19.542 Thread 0x00000209c0545000 nmethod 5592 0x00000209aabc0a90 code [0x00000209aabc0d40, 0x00000209aabc1878]
Event: 19.542 Thread 0x00000209c0545000 5593       3       java.lang.invoke.ClassSpecializer$Factory::typeLoadOp (90 bytes)
Event: 19.543 Thread 0x00000209c0545000 nmethod 5593 0x00000209aabc1d10 code [0x00000209aabc1f80, 0x00000209aabc2978]
Event: 19.546 Thread 0x00000209c0545000 5596       3       java.util.LinkedHashMap::<init> (11 bytes)
Event: 19.546 Thread 0x00000209c0545000 nmethod 5596 0x00000209aabc2c90 code [0x00000209aabc2e80, 0x00000209aabc3028]
Event: 19.550 Thread 0x00000209c0545000 5597       3       com.google.common.collect.MapMakerInternalMap$StrongKeyWeakValueEntry::getValue (10 bytes)
Event: 19.551 Thread 0x00000209c0545000 nmethod 5597 0x00000209aabc3110 code [0x00000209aabc32c0, 0x00000209aabc3488]
Event: 19.602 Thread 0x00000209c0545000 5598       3       java.lang.Class::arrayContentsEq (70 bytes)
Event: 19.602 Thread 0x00000209c0545000 nmethod 5598 0x00000209aabc3590 code [0x00000209aabc3760, 0x00000209aabc3b58]

GC Heap History (20 events):
Event: 2.701 GC heap before
{Heap before GC invocations=2 (full 0):
 garbage-first heap   total 131072K, used 38017K [0x0000000080000000, 0x0000000100000000)
  region size 1024K, 30 young (30720K), 2 survivors (2048K)
 Metaspace       used 11153K, capacity 11450K, committed 11520K, reserved 1058816K
  class space    used 1166K, capacity 1243K, committed 1280K, reserved 1048576K
}
Event: 2.704 GC heap after
{Heap after GC invocations=3 (full 0):
 garbage-first heap   total 131072K, used 12686K [0x0000000080000000, 0x0000000100000000)
  region size 1024K, 4 young (4096K), 4 survivors (4096K)
 Metaspace       used 11153K, capacity 11450K, committed 11520K, reserved 1058816K
  class space    used 1166K, capacity 1243K, committed 1280K, reserved 1048576K
}
Event: 5.555 GC heap before
{Heap before GC invocations=3 (full 0):
 garbage-first heap   total 131072K, used 71054K [0x0000000080000000, 0x0000000100000000)
  region size 1024K, 61 young (62464K), 4 survivors (4096K)
 Metaspace       used 19324K, capacity 19797K, committed 19968K, reserved 1067008K
  class space    used 2348K, capacity 2506K, committed 2560K, reserved 1048576K
}
Event: 5.564 GC heap after
{Heap after GC invocations=4 (full 0):
 garbage-first heap   total 131072K, used 16295K [0x0000000080000000, 0x0000000100000000)
  region size 1024K, 8 young (8192K), 8 survivors (8192K)
 Metaspace       used 19324K, capacity 19797K, committed 19968K, reserved 1067008K
  class space    used 2348K, capacity 2506K, committed 2560K, reserved 1048576K
}
Event: 5.744 GC heap before
{Heap before GC invocations=4 (full 0):
 garbage-first heap   total 131072K, used 23463K [0x0000000080000000, 0x0000000100000000)
  region size 1024K, 16 young (16384K), 8 survivors (8192K)
 Metaspace       used 20533K, capacity 21100K, committed 21248K, reserved 1067008K
  class space    used 2502K, capacity 2690K, committed 2816K, reserved 1048576K
}
Event: 5.752 GC heap after
{Heap after GC invocations=5 (full 0):
 garbage-first heap   total 131072K, used 16645K [0x0000000080000000, 0x0000000100000000)
  region size 1024K, 1 young (1024K), 1 survivors (1024K)
 Metaspace       used 20533K, capacity 21100K, committed 21248K, reserved 1067008K
  class space    used 2502K, capacity 2690K, committed 2816K, reserved 1048576K
}
Event: 6.862 GC heap before
{Heap before GC invocations=6 (full 0):
 garbage-first heap   total 131072K, used 62725K [0x0000000080000000, 0x0000000100000000)
  region size 1024K, 46 young (47104K), 1 survivors (1024K)
 Metaspace       used 25270K, capacity 25911K, committed 26112K, reserved 1071104K
  class space    used 3279K, capacity 3489K, committed 3584K, reserved 1048576K
}
Event: 6.867 GC heap after
{Heap after GC invocations=7 (full 0):
 garbage-first heap   total 131072K, used 18076K [0x0000000080000000, 0x0000000100000000)
  region size 1024K, 2 young (2048K), 2 survivors (2048K)
 Metaspace       used 25270K, capacity 25911K, committed 26112K, reserved 1071104K
  class space    used 3279K, capacity 3489K, committed 3584K, reserved 1048576K
}
Event: 8.754 GC heap before
{Heap before GC invocations=7 (full 0):
 garbage-first heap   total 131072K, used 70300K [0x0000000080000000, 0x0000000100000000)
  region size 1024K, 53 young (54272K), 2 survivors (2048K)
 Metaspace       used 30966K, capacity 31756K, committed 31872K, reserved 1077248K
  class space    used 4138K, capacity 4397K, committed 4480K, reserved 1048576K
}
Event: 8.761 GC heap after
{Heap after GC invocations=8 (full 0):
 garbage-first heap   total 131072K, used 20143K [0x0000000080000000, 0x0000000100000000)
  region size 1024K, 4 young (4096K), 4 survivors (4096K)
 Metaspace       used 30966K, capacity 31756K, committed 31872K, reserved 1077248K
  class space    used 4138K, capacity 4397K, committed 4480K, reserved 1048576K
}
Event: 9.366 GC heap before
{Heap before GC invocations=8 (full 0):
 garbage-first heap   total 131072K, used 31407K [0x0000000080000000, 0x0000000100000000)
  region size 1024K, 16 young (16384K), 4 survivors (4096K)
 Metaspace       used 35048K, capacity 35834K, committed 35840K, reserved 1081344K
  class space    used 4537K, capacity 4864K, committed 4864K, reserved 1048576K
}
Event: 9.375 GC heap after
{Heap after GC invocations=9 (full 0):
 garbage-first heap   total 131072K, used 22356K [0x0000000080000000, 0x0000000100000000)
  region size 1024K, 7 young (7168K), 7 survivors (7168K)
 Metaspace       used 35048K, capacity 35834K, committed 35840K, reserved 1081344K
  class space    used 4537K, capacity 4864K, committed 4864K, reserved 1048576K
}
Event: 10.454 GC heap before
{Heap before GC invocations=10 (full 0):
 garbage-first heap   total 131072K, used 70484K [0x0000000080000000, 0x0000000100000000)
  region size 1024K, 52 young (53248K), 7 survivors (7168K)
 Metaspace       used 38781K, capacity 39699K, committed 39936K, reserved 1083392K
  class space    used 4929K, capacity 5251K, committed 5376K, reserved 1048576K
}
Event: 10.466 GC heap after
{Heap after GC invocations=11 (full 0):
 garbage-first heap   total 131072K, used 26478K [0x0000000080000000, 0x0000000100000000)
  region size 1024K, 7 young (7168K), 7 survivors (7168K)
 Metaspace       used 38781K, capacity 39699K, committed 39936K, reserved 1083392K
  class space    used 4929K, capacity 5251K, committed 5376K, reserved 1048576K
}
Event: 13.050 GC heap before
{Heap before GC invocations=11 (full 0):
 garbage-first heap   total 131072K, used 74606K [0x0000000080000000, 0x0000000100000000)
  region size 1024K, 54 young (55296K), 7 survivors (7168K)
 Metaspace       used 42988K, capacity 43992K, committed 44288K, reserved 1087488K
  class space    used 5468K, capacity 5823K, committed 5888K, reserved 1048576K
}
Event: 13.061 GC heap after
{Heap after GC invocations=12 (full 0):
 garbage-first heap   total 131072K, used 27649K [0x0000000080000000, 0x0000000100000000)
  region size 1024K, 3 young (3072K), 3 survivors (3072K)
 Metaspace       used 42988K, capacity 43992K, committed 44288K, reserved 1087488K
  class space    used 5468K, capacity 5823K, committed 5888K, reserved 1048576K
}
Event: 16.149 GC heap before
{Heap before GC invocations=12 (full 0):
 garbage-first heap   total 131072K, used 79873K [0x0000000080000000, 0x0000000100000000)
  region size 1024K, 54 young (55296K), 3 survivors (3072K)
 Metaspace       used 46727K, capacity 47977K, committed 48256K, reserved 1091584K
  class space    used 5964K, capacity 6405K, committed 6528K, reserved 1048576K
}
Event: 16.155 GC heap after
{Heap after GC invocations=13 (full 0):
 garbage-first heap   total 131072K, used 29584K [0x0000000080000000, 0x0000000100000000)
  region size 1024K, 5 young (5120K), 5 survivors (5120K)
 Metaspace       used 46727K, capacity 47977K, committed 48256K, reserved 1091584K
  class space    used 5964K, capacity 6405K, committed 6528K, reserved 1048576K
}
Event: 19.148 GC heap before
{Heap before GC invocations=13 (full 0):
 garbage-first heap   total 131072K, used 91024K [0x0000000080000000, 0x0000000100000000)
  region size 1024K, 58 young (59392K), 5 survivors (5120K)
 Metaspace       used 50106K, capacity 51414K, committed 51712K, reserved 1093632K
  class space    used 6367K, capacity 6829K, committed 6912K, reserved 1048576K
}
Event: 19.166 GC heap after
{Heap after GC invocations=14 (full 0):
 garbage-first heap   total 131072K, used 47074K [0x0000000080000000, 0x0000000100000000)
  region size 1024K, 8 young (8192K), 8 survivors (8192K)
 Metaspace       used 50106K, capacity 51414K, committed 51712K, reserved 1093632K
  class space    used 6367K, capacity 6829K, committed 6912K, reserved 1048576K
}

Deoptimization events (20 events):
Event: 19.096 Thread 0x00000209c1154800 Uncommon trap: trap_request=0xffffffde fr.pc=0x00000209b1832f40 relative=0x00000000000003e0
Event: 19.096 Thread 0x00000209c1154800 Uncommon trap: reason=class_check action=maybe_recompile pc=0x00000209b1832f40 method=com.google.common.collect.RegularImmutableMap.get([I[Ljava/lang/Object;IILjava/lang/Object;)Ljava/lang/Object; @ 17 c2
Event: 19.096 Thread 0x00000209c1154800 DEOPT PACKING pc=0x00000209b1832f40 sp=0x0000006191df8340
Event: 19.096 Thread 0x00000209c1154800 DEOPT UNPACKING pc=0x00000209a9b26ca9 sp=0x0000006191df82e0 mode 2
Event: 19.096 Thread 0x00000209c1154800 Uncommon trap: trap_request=0xffffff4d fr.pc=0x00000209b183301c relative=0x00000000000004bc
Event: 19.096 Thread 0x00000209c1154800 Uncommon trap: reason=unstable_if action=reinterpret pc=0x00000209b183301c method=com.google.common.collect.RegularImmutableMap.get([I[Ljava/lang/Object;IILjava/lang/Object;)Ljava/lang/Object; @ 34 c2
Event: 19.096 Thread 0x00000209c1154800 DEOPT PACKING pc=0x00000209b183301c sp=0x0000006191df83a0
Event: 19.096 Thread 0x00000209c1154800 DEOPT UNPACKING pc=0x00000209a9b26ca9 sp=0x0000006191df8348 mode 2
Event: 19.433 Thread 0x00000209c1154800 Uncommon trap: trap_request=0xffffff4d fr.pc=0x00000209b16d4ba4 relative=0x00000000000005c4
Event: 19.433 Thread 0x00000209c1154800 Uncommon trap: reason=unstable_if action=reinterpret pc=0x00000209b16d4ba4 method=java.lang.AbstractStringBuilder.appendChars(Ljava/lang/CharSequence;II)V @ 4 c2
Event: 19.433 Thread 0x00000209c1154800 DEOPT PACKING pc=0x00000209b16d4ba4 sp=0x0000006191df7620
Event: 19.433 Thread 0x00000209c1154800 DEOPT UNPACKING pc=0x00000209a9b26ca9 sp=0x0000006191df7570 mode 2
Event: 19.433 Thread 0x00000209c1154800 Uncommon trap: trap_request=0xffffff4d fr.pc=0x00000209b169a138 relative=0x0000000000000458
Event: 19.433 Thread 0x00000209c1154800 Uncommon trap: reason=unstable_if action=reinterpret pc=0x00000209b169a138 method=java.lang.String.getBytes([BIB)V @ 5 c2
Event: 19.433 Thread 0x00000209c1154800 DEOPT PACKING pc=0x00000209b169a138 sp=0x0000006191df7640
Event: 19.433 Thread 0x00000209c1154800 DEOPT UNPACKING pc=0x00000209a9b26ca9 sp=0x0000006191df7538 mode 2
Event: 19.433 Thread 0x00000209c1154800 Uncommon trap: trap_request=0xffffff4d fr.pc=0x00000209b15eb9cc relative=0x000000000000022c
Event: 19.433 Thread 0x00000209c1154800 Uncommon trap: reason=unstable_if action=reinterpret pc=0x00000209b15eb9cc method=java.lang.AbstractStringBuilder.isLatin1()Z @ 10 c2
Event: 19.433 Thread 0x00000209c1154800 DEOPT PACKING pc=0x00000209b15eb9cc sp=0x0000006191df75d0
Event: 19.433 Thread 0x00000209c1154800 DEOPT UNPACKING pc=0x00000209a9b26ca9 sp=0x0000006191df7510 mode 2

Classes redefined (0 events):
No events

Internal exceptions (20 events):
Event: 18.407 Thread 0x00000209c2952800 Exception <a 'java/lang/NoSuchMethodError'{0x0000000085e89df8}: <clinit>> (0x0000000085e89df8) thrown at [./src/hotspot/share/prims/jni.cpp, line 1362]
Event: 18.410 Thread 0x00000209c2952800 Exception <a 'java/lang/NoSuchMethodError'{0x0000000085d0c9b0}: <clinit>> (0x0000000085d0c9b0) thrown at [./src/hotspot/share/prims/jni.cpp, line 1362]
Event: 18.411 Thread 0x00000209c2952800 Exception <a 'java/lang/NoSuchMethodError'{0x0000000085d0dac0}: <clinit>> (0x0000000085d0dac0) thrown at [./src/hotspot/share/prims/jni.cpp, line 1362]
Event: 18.411 Thread 0x00000209c2952800 Exception <a 'java/lang/NoSuchMethodError'{0x0000000085d0f010}: <clinit>> (0x0000000085d0f010) thrown at [./src/hotspot/share/prims/jni.cpp, line 1362]
Event: 18.411 Thread 0x00000209c2952800 Exception <a 'java/lang/NoSuchMethodError'{0x0000000085d10030}: <clinit>> (0x0000000085d10030) thrown at [./src/hotspot/share/prims/jni.cpp, line 1362]
Event: 18.412 Thread 0x00000209c2952800 Exception <a 'java/lang/NoSuchMethodError'{0x0000000085d19e48}: <clinit>> (0x0000000085d19e48) thrown at [./src/hotspot/share/prims/jni.cpp, line 1362]
Event: 18.413 Thread 0x00000209c2952800 Exception <a 'java/lang/NoSuchMethodError'{0x0000000085d242b0}: <clinit>> (0x0000000085d242b0) thrown at [./src/hotspot/share/prims/jni.cpp, line 1362]
Event: 18.416 Thread 0x00000209c2952800 Exception <a 'java/lang/NoSuchMethodError'{0x0000000085d382d8}: <clinit>> (0x0000000085d382d8) thrown at [./src/hotspot/share/prims/jni.cpp, line 1362]
Event: 18.426 Thread 0x00000209c1154800 Exception <a 'java/lang/ClassNotFoundException'{0x0000000085d6b7b8}: build_6tise8e59rlaepklbtba8nso1BeanInfo> (0x0000000085d6b7b8) thrown at [./src/hotspot/share/classfile/systemDictionary.cpp, line 231]
Event: 18.427 Thread 0x00000209c1154800 Exception <a 'java/lang/ClassNotFoundException'{0x0000000085d766e0}: build_6tise8e59rlaepklbtba8nso1Customizer> (0x0000000085d766e0) thrown at [./src/hotspot/share/classfile/systemDictionary.cpp, line 231]
Event: 18.437 Thread 0x00000209c1154800 Exception <a 'java/lang/ClassNotFoundException'{0x0000000085df6ad8}: org/gradle/plugin/use/internal/PluginRequestCollector$PluginDependenciesSpecImplBeanInfo> (0x0000000085df6ad8) thrown at [./src/hotspot/share/classfile/systemDictionary.cpp, line 231]
Event: 18.438 Thread 0x00000209c1154800 Exception <a 'java/lang/ClassNotFoundException'{0x0000000085c24e68}: org/gradle/plugin/use/internal/PluginRequestCollector$PluginDependenciesSpecImplCustomizer> (0x0000000085c24e68) thrown at [./src/hotspot/share/classfile/systemDictionary.cpp, line 231]
Event: 18.505 Thread 0x00000209c1154800 Exception <a 'java/lang/ClassNotFoundException'{0x00000000859069e8}: org/gradle/api/internal/plugins/DefaultObjectConfigurationActionBeanInfo> (0x00000000859069e8) thrown at [./src/hotspot/share/classfile/systemDictionary.cpp, line 231]
Event: 18.506 Thread 0x00000209c1154800 Exception <a 'java/lang/ClassNotFoundException'{0x000000008593b3c0}: org/gradle/api/internal/plugins/DefaultObjectConfigurationActionCustomizer> (0x000000008593b3c0) thrown at [./src/hotspot/share/classfile/systemDictionary.cpp, line 231]
Event: 19.027 Thread 0x00000209c1154800 Exception <a 'java/lang/NoSuchMethodError'{0x0000000084f19aa0}: 'java.lang.Object java.lang.invoke.DirectMethodHandle$Holder.invokeStatic(java.lang.Object, java.lang.Object, java.lang.Object, java.lang.Object, int)'> (0x0000000084f19aa0) thrown at [./src/hotspot/share/interpreter/linkResolver.cpp, line 773]
Event: 19.029 Thread 0x00000209c1154800 Exception <a 'java/lang/NoSuchMethodError'{0x0000000084f1e498}: 'java.lang.Object java.lang.invoke.DirectMethodHandle$Holder.invokeSpecial(java.lang.Object, java.lang.Object, java.lang.Object, java.lang.Object, java.lang.Object, int)'> (0x0000000084f1e498) thrown at [./src/hotspot/share/interpreter/linkResolver.cpp, line 773]
Event: 19.029 Thread 0x00000209c1154800 Exception <a 'java/lang/NoSuchMethodError'{0x0000000084f22ad8}: 'java.lang.Object java.lang.invoke.Invokers$Holder.linkToTargetMethod(java.lang.Object, java.lang.Object, java.lang.Object, int, java.lang.Object)'> (0x0000000084f22ad8) thrown at [./src/hotspot/share/interpreter/linkResolver.cpp, line 773]
Event: 19.096 Thread 0x00000209c1154800 Implicit null exception at 0x00000209b1832b95 to 0x00000209b1832ffc
Event: 19.535 Thread 0x00000209c1154800 Exception <a 'java/lang/NoSuchMethodError'{0x00000000876ec698}: 'java.lang.Object java.lang.invoke.DirectMethodHandle$Holder.invokeSpecial(java.lang.Object, java.lang.Object, int, int, java.lang.Object, java.lang.Object, java.lang.Object)'> (0x00000000876ec698) thrown at [./src/hotspot/share/interpreter/linkResolver.cpp, line 773]
Event: 19.535 Thread 0x00000209c1154800 Exception <a 'java/lang/NoSuchMethodError'{0x00000000876f0c18}: 'java.lang.Object java.lang.invoke.DelegatingMethodHandle$Holder.reinvoke_L(java.lang.Object, int, int, java.lang.Object, java.lang.Object, java.lang.Object)'> (0x00000000876f0c18) thrown at [./src/hotspot/share/interpreter/linkResolver.cpp, line 773]

Events (20 events):
Event: 19.613 loading class org/apache/xerces/impl/io/UTF8Reader
Event: 19.613 loading class org/apache/xerces/impl/io/UTF8Reader done
Event: 19.614 loading class org/apache/xerces/impl/XMLEntityScanner
Event: 19.614 loading class org/apache/xerces/impl/XMLEntityScanner done
Event: 19.614 loading class org/apache/xerces/impl/XML11EntityScanner
Event: 19.614 loading class org/apache/xerces/impl/XML11EntityScanner done
Event: 19.615 loading class org/apache/xerces/util/URI$MalformedURIException
Event: 19.615 loading class org/apache/xerces/util/URI$MalformedURIException done
Event: 19.616 loading class org/apache/xerces/impl/io/UCSReader
Event: 19.616 loading class org/apache/xerces/impl/io/UCSReader done
Event: 19.617 loading class org/apache/xerces/xni/Augmentations
Event: 19.617 loading class org/apache/xerces/xni/Augmentations done
Event: 19.618 loading class org/apache/xerces/impl/XMLEntityManager$1
Event: 19.618 loading class org/apache/xerces/impl/XMLEntityManager$1 done
Event: 19.619 loading class java/util/Stack
Event: 19.619 loading class java/util/Stack done
Event: 19.619 loading class org/apache/xerces/util/XMLResourceIdentifierImpl
Event: 19.619 loading class org/apache/xerces/util/XMLResourceIdentifierImpl done
Event: 19.620 loading class org/apache/xerces/util/AugmentationsImpl
Event: 19.620 loading class org/apache/xerces/util/AugmentationsImpl done


Dynamic libraries:
0x00007ff6bd980000 - 0x00007ff6bd98a000 	D:\Android\jre\bin\java.exe
0x00007fff584f0000 - 0x00007fff586dd000 	C:\Windows\SYSTEM32\ntdll.dll
0x00007fff57020000 - 0x00007fff570d3000 	C:\Windows\System32\KERNEL32.DLL
0x00007fff55060000 - 0x00007fff552f3000 	C:\Windows\System32\KERNELBASE.dll
0x00007fff55360000 - 0x00007fff5545a000 	C:\Windows\System32\ucrtbase.dll
0x00007fff45480000 - 0x00007fff45497000 	D:\Android\jre\bin\VCRUNTIME140.dll
0x00007fff449d0000 - 0x00007fff449e9000 	D:\Android\jre\bin\jli.dll
0x00007fff57340000 - 0x00007fff574d7000 	C:\Windows\System32\USER32.dll
0x00007fff545b0000 - 0x00007fff545d0000 	C:\Windows\System32\win32u.dll
0x00007fff53520000 - 0x00007fff53799000 	C:\Windows\WinSxS\amd64_microsoft.windows.common-controls_6595b64144ccf1df_6.0.17763.737_none_05b6437c071e554b\COMCTL32.dll
0x00007fff57ab0000 - 0x00007fff57ad9000 	C:\Windows\System32\GDI32.dll
0x00007fff570f0000 - 0x00007fff5718e000 	C:\Windows\System32\msvcrt.dll
0x00007fff54e70000 - 0x00007fff55009000 	C:\Windows\System32\gdi32full.dll
0x00007fff55770000 - 0x00007fff55a9c000 	C:\Windows\System32\combase.dll
0x00007fff545d0000 - 0x00007fff54670000 	C:\Windows\System32\msvcp_win.dll
0x00007fff57b90000 - 0x00007fff57cb2000 	C:\Windows\System32\RPCRT4.dll
0x00007fff55690000 - 0x00007fff5570e000 	C:\Windows\System32\bcryptPrimitives.dll
0x00007fff57260000 - 0x00007fff5728e000 	C:\Windows\System32\IMM32.DLL
0x00007fff34930000 - 0x00007fff349cd000 	D:\Android\jre\bin\msvcp140.dll
0x00007ffef3160000 - 0x00007ffef3c2f000 	D:\Android\jre\bin\server\jvm.dll
0x00007fff57290000 - 0x00007fff57333000 	C:\Windows\System32\ADVAPI32.dll
0x00007fff58220000 - 0x00007fff582be000 	C:\Windows\System32\sechost.dll
0x00007fff584b0000 - 0x00007fff584b8000 	C:\Windows\System32\PSAPI.DLL
0x00007fff534f0000 - 0x00007fff53514000 	C:\Windows\SYSTEM32\WINMM.dll
0x00007fff53080000 - 0x00007fff5308a000 	C:\Windows\SYSTEM32\VERSION.dll
0x00007fff534c0000 - 0x00007fff534ed000 	C:\Windows\SYSTEM32\WINMMBASE.dll
0x00007fff55010000 - 0x00007fff5505a000 	C:\Windows\System32\cfgmgr32.dll
0x00007fff3bf70000 - 0x00007fff3bf79000 	C:\Windows\SYSTEM32\WSOCK32.dll
0x00007fff581b0000 - 0x00007fff5821d000 	C:\Windows\System32\ws2_32.DLL
0x00007fff544e0000 - 0x00007fff544f1000 	C:\Windows\System32\kernel.appcore.dll
0x00007fff53110000 - 0x00007fff53121000 	D:\Android\jre\bin\verify.dll
0x00007fff465d0000 - 0x00007fff467bd000 	C:\Windows\SYSTEM32\DBGHELP.DLL
0x00007fff465a0000 - 0x00007fff465ca000 	C:\Windows\SYSTEM32\dbgcore.DLL
0x00007fff4f410000 - 0x00007fff4f439000 	D:\Android\jre\bin\java.dll
0x00007fff53100000 - 0x00007fff5310b000 	D:\Android\jre\bin\jimage.dll
0x00007fff50850000 - 0x00007fff50868000 	D:\Android\jre\bin\zip.dll
0x00007fff55aa0000 - 0x00007fff56f92000 	C:\Windows\System32\SHELL32.dll
0x00007fff57fd0000 - 0x00007fff58078000 	C:\Windows\System32\shcore.dll
0x00007fff54670000 - 0x00007fff54dba000 	C:\Windows\System32\windows.storage.dll
0x00007fff54580000 - 0x00007fff545a4000 	C:\Windows\System32\profapi.dll
0x00007fff54500000 - 0x00007fff5455d000 	C:\Windows\System32\powrprof.dll
0x00007fff55710000 - 0x00007fff55762000 	C:\Windows\System32\shlwapi.dll
0x00007fff55460000 - 0x00007fff55477000 	C:\Windows\System32\cryptsp.dll
0x0000000068d80000 - 0x0000000068d99000 	C:\Program Files\Common Files\Crypto Pro\AppCompat\cpadvai.dll
0x00007fff50770000 - 0x00007fff5078a000 	D:\Android\jre\bin\net.dll
0x00007fff47b50000 - 0x00007fff47c42000 	C:\Windows\SYSTEM32\WINHTTP.dll
0x00007fff53d50000 - 0x00007fff53db7000 	C:\Windows\system32\mswsock.dll
0x00007fff4fd90000 - 0x00007fff4fda4000 	D:\Android\jre\bin\nio.dll
0x00007fff457e0000 - 0x00007fff45807000 	C:\Users\ArrA\.gradle\native\8bec1ad78214c89d9ad589b4d07fe93259594b29d510b10fafb7a158f7737e5d\windows-amd64\native-platform.dll
0x00007fff3a170000 - 0x00007fff3a2ad000 	C:\Users\ArrA\.gradle\native\53dbd7edfb1c66fb8903c78663c9afc45aea4f116125fa6feffd364cf09443e8\windows-amd64\native-platform-file-events.dll
0x00007fff530e0000 - 0x00007fff530ea000 	D:\Android\jre\bin\management.dll
0x00007fff53010000 - 0x00007fff5301c000 	D:\Android\jre\bin\management_ext.dll
0x00007fff53870000 - 0x00007fff538a3000 	C:\Windows\system32\rsaenh.dll
0x00007fff55480000 - 0x00007fff554a6000 	C:\Windows\System32\bcrypt.dll
0x00007fff543e0000 - 0x00007fff54408000 	C:\Windows\SYSTEM32\USERENV.dll
0x00007fff53f20000 - 0x00007fff53f2c000 	C:\Windows\SYSTEM32\CRYPTBASE.dll
0x00007fff53a10000 - 0x00007fff53a4d000 	C:\Windows\SYSTEM32\IPHLPAPI.DLL
0x00007fff574e0000 - 0x00007fff574e8000 	C:\Windows\System32\NSI.dll
0x00007fff4c9d0000 - 0x00007fff4c9e6000 	C:\Windows\SYSTEM32\dhcpcsvc6.DLL
0x00007fff4c990000 - 0x00007fff4c9ac000 	C:\Windows\SYSTEM32\dhcpcsvc.DLL
0x00007fff53a50000 - 0x00007fff53b16000 	C:\Windows\SYSTEM32\DNSAPI.dll

dbghelp: loaded successfully - version: 4.0.5 - missing functions: none
symbol engine: initialized successfully - sym options: 0x614 - pdb path: .;D:\Android\jre\bin;C:\Windows\SYSTEM32;C:\Windows\WinSxS\amd64_microsoft.windows.common-controls_6595b64144ccf1df_6.0.17763.737_none_05b6437c071e554b;D:\Android\jre\bin\server;C:\Program Files\Common Files\Crypto Pro\AppCompat;C:\Users\ArrA\.gradle\native\8bec1ad78214c89d9ad589b4d07fe93259594b29d510b10fafb7a158f7737e5d\windows-amd64;C:\Users\ArrA\.gradle\native\53dbd7edfb1c66fb8903c78663c9afc45aea4f116125fa6feffd364cf09443e8\windows-amd64

VM Arguments:
jvm_args: --add-opens=java.base/java.util=ALL-UNNAMED --add-opens=java.base/java.lang=ALL-UNNAMED --add-opens=java.base/java.lang.invoke=ALL-UNNAMED --add-opens=java.base/java.util=ALL-UNNAMED --add-opens=java.prefs/java.util.prefs=ALL-UNNAMED --add-opens=java.prefs/java.util.prefs=ALL-UNNAMED --add-opens=java.base/java.nio.charset=ALL-UNNAMED --add-opens=java.base/java.net=ALL-UNNAMED --add-opens=java.base/java.util.concurrent.atomic=ALL-UNNAMED -Xmx2048m -Dfile.encoding=UTF-8 -Duser.country=RU -Duser.language=ru -Duser.variant 
java_command: org.gradle.launcher.daemon.bootstrap.GradleDaemon 7.0.2
java_class_path (initial): C:\Users\ArrA\.gradle\wrapper\dists\gradle-7.0.2-bin\857tjihv64xamwrf0h14cai3r\gradle-7.0.2\lib\gradle-launcher-7.0.2.jar
Launcher Type: SUN_STANDARD

[Global flags]
     intx CICompilerCount                          = 3                                         {product} {ergonomic}
     uint ConcGCThreads                            = 1                                         {product} {ergonomic}
     uint G1ConcRefinementThreads                  = 4                                         {product} {ergonomic}
   size_t G1HeapRegionSize                         = 1048576                                   {product} {ergonomic}
    uintx GCDrainStackTargetSize                   = 64                                        {product} {ergonomic}
   size_t InitialHeapSize                          = 134217728                                 {product} {ergonomic}
   size_t MarkStackSize                            = 4194304                                   {product} {ergonomic}
   size_t MaxHeapSize                              = 2147483648                                {product} {command line}
   size_t MaxNewSize                               = 1287651328                                {product} {ergonomic}
   size_t MinHeapDeltaBytes                        = 1048576                                   {product} {ergonomic}
    uintx NonNMethodCodeHeapSize                   = 5830732                                {pd product} {ergonomic}
    uintx NonProfiledCodeHeapSize                  = 122913754                              {pd product} {ergonomic}
    uintx ProfiledCodeHeapSize                     = 122913754                              {pd product} {ergonomic}
    uintx ReservedCodeCacheSize                    = 251658240                              {pd product} {ergonomic}
     bool SegmentedCodeCache                       = true                                      {product} {ergonomic}
     bool UseCompressedClassPointers               = true                                 {lp64_product} {ergonomic}
     bool UseCompressedOops                        = true                                 {lp64_product} {ergonomic}
     bool UseG1GC                                  = true                                      {product} {ergonomic}
     bool UseLargePagesIndividualAllocation        = false                                  {pd product} {ergonomic}

Logging:
Log output configuration:
 #0: stdout all=warning uptime,level,tags
 #1: stderr all=off uptime,level,tags

Environment Variables:
PATH=C:\Windows\system32\WBEM;C:\Program Files (x86)\Common Files\Oracle\Java\javapath;C:\Windows\system32\WBEM;C:\Windows\system32\WBEM;C:\Windows\system32\WBEM;C:\Windows\system32\WBEM;C:\Program Files\Microsoft MPI\Bin\;C:\Windows\system32\WBEM;C:\Program Files (x86)\Common Files\Intel\Shared Libraries\redist\intel64_win\compiler;C:\Windows\system32\WBEM;C:\ProgramData\Oracle\Java\javapath;C:\gcc\bin;C:\gcc\libexec\gcc\x86_64-w64-mingw32\9.2.0;c:\users\arra\gcc\bin;c:\users\arra\gcc\libexec\gcc\x86_64-w64-mingw32\9.2.0;C:\Users\ArrA\gcc\libexec\gcc\x86_64-w64-mingw32\7.4.0;C:\Windows\system32;C:\Windows;C:\Windows\System32\Wbem;C:\Windows\System32\WindowsPowerShell\v1.0\;C:\Windows\System32\OpenSSH\;C:\Program Files (x86)\NVIDIA Corporation\PhysX\Common;C:\Program Files\NVIDIA Corporation\NVIDIA NvDLISR;C:\Users\ArrA\AppData\Local\Microsoft\WindowsApps;C:\Users\ArrA\AppData\Local\atom\bin;C:\Program Files\dotnet\;C:\Python\Python37;C:\Python\Python36;C:\Program Files\Microsoft SQL Server\130\Tools\Binn\;D:\Matlab\bin;C:\Python\Python36\Scripts\;C:\Python\Python36\;C:\Python\Python37\Scripts\;C:\Python\Python37\;C:\Python\Python38\Scripts\;C:\Python\Python38\;C:\Users\ArrA\AppData\Local\Programs\Microsoft VS Code\bin;C:\Users\ArrA\AppData\Local\GitHubDesktop\bin;C:\Users\ArrA\.dotnet\tools;C:\Program Files\Git\cmd;C:\Python\Python36\Scripts\;C:\Python\Python36\;C:\Python\Python37\Scripts\;C:\Python\Python37\;C:\Python\Python38\Scripts\;C:\Python\Python38\;C:\Users\ArrA\AppData\Local\Microsoft\WindowsApps;C:\Users\ArrA\AppData\Local\atom\bin;C:\Users\ArrA\AppData\Local\Programs\Microsoft VS Code\bin;C:\Users\ArrA\AppData\Local\GitHubDesktop\bin;C:\Users\ArrA\.dotnet\tools
USERNAME=ArrA
OS=Windows_NT
PROCESSOR_IDENTIFIER=Intel64 Family 6 Model 158 Stepping 10, GenuineIntel



---------------  S Y S T E M  ---------------

OS: Windows 10 , 64 bit Build 17763 (10.0.17763.475)
OS uptime: 1 days 6:05 hours

CPU:total 4 (initial active 4) (2 cores per cpu, 2 threads per core) family 6 model 158 stepping 10 microcode 0xb4, cmov, cx8, fxsr, mmx, sse, sse2, sse3, ssse3, sse4.1, sse4.2, popcnt, aes, clmul, erms, 3dnowpref, lzcnt, ht, tsc, tscinvbit

Memory: 4k page, system-wide physical 8073M (213M free)
TotalPageFile size 32649M (AvailPageFile size 3M)
current process WorkingSet (physical memory assigned to process): 218M, peak: 228M
current process commit charge ("private bytes"): 319M, peak: 320M

vm_info: OpenJDK 64-Bit Server VM (11.0.10+0-b96-7249189) for windows-amd64 JRE (11.0.10+0-b96-7249189), built on Mar 31 2021 21:44:00 by "builder" with MS VC++ 14.0 (VS2015)

END.
